Invalid license file syntax.
Feature:       PYMOL_MAIN
License path:  /cri4/iain/.pymol/license.lic:
FlexNet Licensing error:-2,413
 PyMOL(TM) 3.0.4 - Incentive Product
 Copyright (C) Schrodinger, LLC
 
 This Executable Build integrates and extends Open-Source PyMOL.
Invalid license file syntax.
Feature:       PYMOL_MAIN
License path:  /cri4/iain/.pymol/license.lic:
FlexNet Licensing error:-2,413
 Detected OpenGL version 4.6. Shaders available.
 Detected GLSL version 4.60.
 OpenGL graphics engine:
  GL_VENDOR:   NVIDIA Corporation
  GL_RENDERER: NVIDIA GeForce GTX 1080/PCIe/SSE2
  GL_VERSION:  4.6.0 NVIDIA 535.216.01
 Detected 36 CPU cores.  Enabled multithreaded rendering.
 Executive: Loading version 3.000000 session...
 Session was saved with: viewport 840, 596
Invalid license file syntax.
Feature:       PYMOL_MAIN
License path:  /cri4/iain/.pymol/license.lic:
FlexNet Licensing error:-2,413
 PyMOL(TM) 3.0.4 - Incentive Product
 Copyright (C) Schrodinger, LLC
 
 This Executable Build integrates and extends Open-Source PyMOL.
Invalid license file syntax.
Feature:       PYMOL_MAIN
License path:  /cri4/iain/.pymol/license.lic:
FlexNet Licensing error:-2,413
 Detected OpenGL version 4.6. Shaders available.
 Detected GLSL version 4.60.
 OpenGL graphics engine:
  GL_VENDOR:   NVIDIA Corporation
  GL_RENDERER: NVIDIA GeForce GTX 1080/PCIe/SSE2
  GL_VERSION:  4.6.0 NVIDIA 535.216.01
 Detected 36 CPU cores.  Enabled multithreaded rendering.
 Executive: Loading version 3.000000 session...
 Session was saved with: viewport 840, 596
Invalid license file syntax.
Feature:       PYMOL_MAIN
License path:  /cri4/iain/.pymol/license.lic:
FlexNet Licensing error:-2,413
 PyMOL(TM) 3.0.4 - Incentive Product
 Copyright (C) Schrodinger, LLC
 
 This Executable Build integrates and extends Open-Source PyMOL.
Invalid license file syntax.
Feature:       PYMOL_MAIN
License path:  /cri4/iain/.pymol/license.lic:
FlexNet Licensing error:-2,413
 Detected OpenGL version 4.6. Shaders available.
 Detected GLSL version 4.60.
 OpenGL graphics engine:
  GL_VENDOR:   NVIDIA Corporation
  GL_RENDERER: NVIDIA GeForce GTX 1080/PCIe/SSE2
  GL_VERSION:  4.6.0 NVIDIA 535.216.01
 Detected 36 CPU cores.  Enabled multithreaded rendering.
 Executive: Loading version 3.000000 session...
 Session was saved with: viewport 840, 596
qt.qpa.xcb: QXcbConnection: XCB error: 3 (BadWindow), sequence: 1410, resource id: 22698884, major code: 40 (TranslateCoords), minor code: 0
Invalid license file syntax.
Feature:       PYMOL_MAIN
License path:  /cri4/iain/.pymol/license.lic:
FlexNet Licensing error:-2,413
 PyMOL(TM) 3.0.4 - Incentive Product
 Copyright (C) Schrodinger, LLC
 
 This Executable Build integrates and extends Open-Source PyMOL.
Invalid license file syntax.
Feature:       PYMOL_MAIN
License path:  /cri4/iain/.pymol/license.lic:
FlexNet Licensing error:-2,413
 Detected OpenGL version 4.6. Shaders available.
 Detected GLSL version 4.60.
 OpenGL graphics engine:
  GL_VENDOR:   NVIDIA Corporation
  GL_RENDERER: NVIDIA GeForce GTX 1080/PCIe/SSE2
  GL_VERSION:  4.6.0 NVIDIA 535.216.01
 Detected 36 CPU cores.  Enabled multithreaded rendering.
 Executive: Loading version 3.000000 session...
 Session was saved with: viewport 840, 596
Invalid license file syntax.
Feature:       PYMOL_MAIN
License path:  /cri4/iain/.pymol/license.lic:
FlexNet Licensing error:-2,413
 PyMOL(TM) 3.0.4 - Incentive Product
 Copyright (C) Schrodinger, LLC
 
 This Executable Build integrates and extends Open-Source PyMOL.
Invalid license file syntax.
Feature:       PYMOL_MAIN
License path:  /cri4/iain/.pymol/license.lic:
FlexNet Licensing error:-2,413
 Detected OpenGL version 4.6. Shaders available.
 Detected GLSL version 4.60.
 OpenGL graphics engine:
  GL_VENDOR:   NVIDIA Corporation
  GL_RENDERER: NVIDIA GeForce GTX 1080/PCIe/SSE2
  GL_VERSION:  4.6.0 NVIDIA 535.216.01
 Detected 36 CPU cores.  Enabled multithreaded rendering.
 Executive: Loading version 3.000000 session...
 Session was saved with: viewport 840, 596
Invalid license file syntax.
Feature:       PYMOL_MAIN
License path:  /cri4/iain/.pymol/license.lic:
FlexNet Licensing error:-2,413
 PyMOL(TM) 3.0.4 - Incentive Product
 Copyright (C) Schrodinger, LLC
 
 This Executable Build integrates and extends Open-Source PyMOL.
Invalid license file syntax.
Feature:       PYMOL_MAIN
License path:  /cri4/iain/.pymol/license.lic:
FlexNet Licensing error:-2,413
 Detected OpenGL version 4.6. Shaders available.
 Detected GLSL version 4.60.
 OpenGL graphics engine:
  GL_VENDOR:   NVIDIA Corporation
  GL_RENDERER: NVIDIA GeForce GTX 1080/PCIe/SSE2
  GL_VERSION:  4.6.0 NVIDIA 535.216.01
 Detected 36 CPU cores.  Enabled multithreaded rendering.
 Executive: Loading version 3.000000 session...
 Session was saved with: viewport 840, 596
Invalid license file syntax.
Feature:       PYMOL_MAIN
License path:  /cri4/iain/.pymol/license.lic:
FlexNet Licensing error:-2,413
 PyMOL(TM) 3.0.4 - Incentive Product
 Copyright (C) Schrodinger, LLC
 
 This Executable Build integrates and extends Open-Source PyMOL.
Invalid license file syntax.
Feature:       PYMOL_MAIN
License path:  /cri4/iain/.pymol/license.lic:
FlexNet Licensing error:-2,413
 Detected OpenGL version 4.6. Shaders available.
 Detected GLSL version 4.60.
 OpenGL graphics engine:
  GL_VENDOR:   NVIDIA Corporation
  GL_RENDERER: NVIDIA GeForce GTX 1080/PCIe/SSE2
  GL_VERSION:  4.6.0 NVIDIA 535.216.01
 Detected 36 CPU cores.  Enabled multithreaded rendering.
 Executive: Loading version 3.000000 session...
 Session was saved with: viewport 0, 0
Invalid license file syntax.
Feature:       PYMOL_MAIN
License path:  /cri4/iain/.pymol/license.lic:
FlexNet Licensing error:-2,413
 PyMOL(TM) 3.0.4 - Incentive Product
 Copyright (C) Schrodinger, LLC
 
 This Executable Build integrates and extends Open-Source PyMOL.
Invalid license file syntax.
Feature:       PYMOL_MAIN
License path:  /cri4/iain/.pymol/license.lic:
FlexNet Licensing error:-2,413
 Detected OpenGL version 4.6. Shaders available.
 Detected GLSL version 4.60.
 OpenGL graphics engine:
  GL_VENDOR:   NVIDIA Corporation
  GL_RENDERER: NVIDIA GeForce GTX 1080/PCIe/SSE2
  GL_VERSION:  4.6.0 NVIDIA 535.216.01
 Detected 36 CPU cores.  Enabled multithreaded rendering.
 Executive: Loading version 3.000000 session...
 Session was saved with: viewport 0, 0
Invalid license file syntax.
Feature:       PYMOL_MAIN
License path:  /cri4/iain/.pymol/license.lic:
FlexNet Licensing error:-2,413
 PyMOL(TM) 3.0.4 - Incentive Product
 Copyright (C) Schrodinger, LLC
 
 This Executable Build integrates and extends Open-Source PyMOL.
Invalid license file syntax.
Feature:       PYMOL_MAIN
License path:  /cri4/iain/.pymol/license.lic:
FlexNet Licensing error:-2,413
 Detected OpenGL version 4.6. Shaders available.
 Detected GLSL version 4.60.
 OpenGL graphics engine:
  GL_VENDOR:   NVIDIA Corporation
  GL_RENDERER: NVIDIA GeForce GTX 1080/PCIe/SSE2
  GL_VERSION:  4.6.0 NVIDIA 535.216.01
 Detected 36 CPU cores.  Enabled multithreaded rendering.
 Executive: Loading version 3.000000 session...
 Session was saved with: viewport 0, 0
PyMOL>cmd.origin("0")
PyMOL>cmd.center("0",animate=-1)
PyMOL>cmd.align("polymer and name CA and (0)","polymer and name CA and (2A3I_Aa_4_010)",quiet=0,object="aln_0_to_2A3I_Aa_4_010",reset=1)
 ExecutiveAlign: mobile selection must derive from one object only.

PyMOL>cmd.align("polymer and name CA and (5DID_Aa_2_001)","polymer and name CA and (2A3I_Aa_4_010)",quiet=0,object="aln_5DID_Aa_2_001_to_2A3I_Aa_4_010",reset=1)
 Match: read scoring matrix.
 Match: assigning 986 x 1010 pairwise scores.
 MatchAlign: aligning residues (986 vs 1010)...
 MatchAlign: score 2087.000
 ExecutiveAlign: 666 atoms aligned.
 ExecutiveRMS: 7 atoms rejected during cycle 1 (RMSD=31.34).
 ExecutiveRMS: 2 atoms rejected during cycle 2 (RMSD=30.76).
 Executive: RMSD =   30.619 (657 to 657 atoms)
 Executive: object "aln_5DID_Aa_2_001_to_2A3I_Aa_4_010" created.
PyMOL>cmd.align("polymer and name CA and (5DID_Aa_2_001)","polymer and name CA and (4UDC_Aa_6_-100)",quiet=0,object="aln_5DID_Aa_2_001_to_4UDC_Aa_6_-100",reset=1)
 Match: read scoring matrix.
 Match: assigning 986 x 512 pairwise scores.
 MatchAlign: aligning residues (986 vs 512)...
 MatchAlign: score 2271.000
 ExecutiveAlign: 506 atoms aligned.
 ExecutiveRMS: 15 atoms rejected during cycle 1 (RMSD=18.46).
 ExecutiveRMS: 15 atoms rejected during cycle 2 (RMSD=17.37).
 ExecutiveRMS: 10 atoms rejected during cycle 3 (RMSD=16.43).
 ExecutiveRMS: 4 atoms rejected during cycle 4 (RMSD=15.84).
 ExecutiveRMS: 3 atoms rejected during cycle 5 (RMSD=15.63).
 Executive: RMSD =   15.468 (459 to 459 atoms)
 Executive: object "aln_5DID_Aa_2_001_to_4UDC_Aa_6_-100" created.
Invalid license file syntax.
Feature:       PYMOL_MAIN
License path:  /cri4/iain/.pymol/license.lic:
FlexNet Licensing error:-2,413
 PyMOL(TM) 3.0.4 - Incentive Product
 Copyright (C) Schrodinger, LLC
 
 This Executable Build integrates and extends Open-Source PyMOL.
Invalid license file syntax.
Feature:       PYMOL_MAIN
License path:  /cri4/iain/.pymol/license.lic:
FlexNet Licensing error:-2,413
 Detected OpenGL version 4.6. Shaders available.
 Detected GLSL version 4.60.
 OpenGL graphics engine:
  GL_VENDOR:   NVIDIA Corporation
  GL_RENDERER: NVIDIA GeForce GTX 1080/PCIe/SSE2
  GL_VERSION:  4.6.0 NVIDIA 535.216.01
 Detected 36 CPU cores.  Enabled multithreaded rendering.
 Executive: Loading version 3.000000 session...
 Session was saved with: viewport 0, 0
PyMOL>cmd.center("0",animate=-1)
Invalid license file syntax.
Feature:       PYMOL_MAIN
License path:  /cri4/iain/.pymol/license.lic:
FlexNet Licensing error:-2,413
 PyMOL(TM) 3.0.4 - Incentive Product
 Copyright (C) Schrodinger, LLC
 
 This Executable Build integrates and extends Open-Source PyMOL.
Invalid license file syntax.
Feature:       PYMOL_MAIN
License path:  /cri4/iain/.pymol/license.lic:
FlexNet Licensing error:-2,413
 Detected OpenGL version 4.6. Shaders available.
 Detected GLSL version 4.60.
 OpenGL graphics engine:
  GL_VENDOR:   NVIDIA Corporation
  GL_RENDERER: NVIDIA GeForce GTX 1080/PCIe/SSE2
  GL_VERSION:  4.6.0 NVIDIA 535.216.01
 Detected 36 CPU cores.  Enabled multithreaded rendering.
 Executive: Loading version 3.000000 session...
 Session was saved with: viewport 0, 0
Invalid license file syntax.
Feature:       PYMOL_MAIN
License path:  /cri4/iain/.pymol/license.lic:
FlexNet Licensing error:-2,413
 PyMOL(TM) 3.0.4 - Incentive Product
 Copyright (C) Schrodinger, LLC
 
 This Executable Build integrates and extends Open-Source PyMOL.
Invalid license file syntax.
Feature:       PYMOL_MAIN
License path:  /cri4/iain/.pymol/license.lic:
FlexNet Licensing error:-2,413
 Detected OpenGL version 4.6. Shaders available.
 Detected GLSL version 4.60.
 OpenGL graphics engine:
  GL_VENDOR:   NVIDIA Corporation
  GL_RENDERER: NVIDIA GeForce GTX 1080/PCIe/SSE2
  GL_VERSION:  4.6.0 NVIDIA 535.216.01
 Detected 36 CPU cores.  Enabled multithreaded rendering.
 Executive: Loading version 3.000000 session...
 Session was saved with: viewport 0, 0
Invalid license file syntax.
Feature:       PYMOL_MAIN
License path:  /cri4/iain/.pymol/license.lic:
FlexNet Licensing error:-2,413
 PyMOL(TM) 3.0.4 - Incentive Product
 Copyright (C) Schrodinger, LLC
 
 This Executable Build integrates and extends Open-Source PyMOL.
Invalid license file syntax.
Feature:       PYMOL_MAIN
License path:  /cri4/iain/.pymol/license.lic:
FlexNet Licensing error:-2,413
 Detected OpenGL version 4.6. Shaders available.
 Detected GLSL version 4.60.
 OpenGL graphics engine:
  GL_VENDOR:   NVIDIA Corporation
  GL_RENDERER: NVIDIA GeForce GTX 1080/PCIe/SSE2
  GL_VERSION:  4.6.0 NVIDIA 535.216.01
 Detected 36 CPU cores.  Enabled multithreaded rendering.
 Executive: Loading version 3.000000 session...
 Session was saved with: viewport 0, 0
Invalid license file syntax.
Feature:       PYMOL_MAIN
License path:  /cri4/iain/.pymol/license.lic:
FlexNet Licensing error:-2,413
 PyMOL(TM) 3.0.4 - Incentive Product
 Copyright (C) Schrodinger, LLC
 
 This Executable Build integrates and extends Open-Source PyMOL.
Invalid license file syntax.
Feature:       PYMOL_MAIN
License path:  /cri4/iain/.pymol/license.lic:
FlexNet Licensing error:-2,413
 Detected OpenGL version 4.6. Shaders available.
 Detected GLSL version 4.60.
 OpenGL graphics engine:
  GL_VENDOR:   NVIDIA Corporation
  GL_RENDERER: NVIDIA GeForce GTX 1080/PCIe/SSE2
  GL_VERSION:  4.6.0 NVIDIA 535.216.01
 Detected 36 CPU cores.  Enabled multithreaded rendering.
 Executive: Loading version 3.000000 session...
 Session was saved with: viewport 0, 0
qt.qpa.xcb: QXcbConnection: XCB error: 3 (BadWindow), sequence: 1254, resource id: 22782647, major code: 40 (TranslateCoords), minor code: 0
Invalid license file syntax.
Feature:       PYMOL_MAIN
License path:  /cri4/iain/.pymol/license.lic:
FlexNet Licensing error:-2,413
 PyMOL(TM) 3.0.4 - Incentive Product
 Copyright (C) Schrodinger, LLC
 
 This Executable Build integrates and extends Open-Source PyMOL.
Invalid license file syntax.
Feature:       PYMOL_MAIN
License path:  /cri4/iain/.pymol/license.lic:
FlexNet Licensing error:-2,413
 Detected OpenGL version 4.6. Shaders available.
 Detected GLSL version 4.60.
 OpenGL graphics engine:
  GL_VENDOR:   NVIDIA Corporation
  GL_RENDERER: NVIDIA GeForce GTX 1080/PCIe/SSE2
  GL_VERSION:  4.6.0 NVIDIA 535.216.01
 Detected 36 CPU cores.  Enabled multithreaded rendering.
 Executive: Loading version 3.000000 session...
 Session was saved with: viewport 0, 0
PyMOL>cmd.align("polymer and name CA and (4ZN9_Aa_2_001)","polymer and name CA and (2A3I_Aa_4_010)",quiet=0,object="aln_4ZN9_Aa_2_001_to_2A3I_Aa_4_010",reset=1)
 Match: read scoring matrix.
 Match: assigning 972 x 1010 pairwise scores.
 MatchAlign: aligning residues (972 vs 1010)...
 MatchAlign: score 2042.500
 ExecutiveAlign: 662 atoms aligned.
 ExecutiveRMS: 4 atoms rejected during cycle 1 (RMSD=30.87).
 ExecutiveRMS: 1 atoms rejected during cycle 2 (RMSD=30.54).
 ExecutiveRMS: 1 atoms rejected during cycle 3 (RMSD=30.47).
 Executive: RMSD =   30.401 (656 to 656 atoms)
 Executive: object "aln_4ZN9_Aa_2_001_to_2A3I_Aa_4_010" created.
 You clicked /4UDA_Aa_2_00-1//a/LEU`741/CA
 Selector: selection "sele" defined with 1 atoms.
Invalid license file syntax.
Feature:       PYMOL_MAIN
License path:  /cri4/iain/.pymol/license.lic:
FlexNet Licensing error:-2,413
 PyMOL(TM) 3.0.4 - Incentive Product
 Copyright (C) Schrodinger, LLC
 
 This Executable Build integrates and extends Open-Source PyMOL.
Invalid license file syntax.
Feature:       PYMOL_MAIN
License path:  /cri4/iain/.pymol/license.lic:
FlexNet Licensing error:-2,413
 Detected OpenGL version 4.6. Shaders available.
 Detected GLSL version 4.60.
 OpenGL graphics engine:
  GL_VENDOR:   NVIDIA Corporation
  GL_RENDERER: NVIDIA GeForce GTX 1080/PCIe/SSE2
  GL_VERSION:  4.6.0 NVIDIA 535.216.01
 Detected 36 CPU cores.  Enabled multithreaded rendering.
 Executive: Loading version 3.000000 session...
 Session was saved with: viewport 0, 0
Invalid license file syntax.
Feature:       PYMOL_MAIN
License path:  /cri4/iain/.pymol/license.lic:
FlexNet Licensing error:-2,413
 PyMOL(TM) 3.0.4 - Incentive Product
 Copyright (C) Schrodinger, LLC
 
 This Executable Build integrates and extends Open-Source PyMOL.
Invalid license file syntax.
Feature:       PYMOL_MAIN
License path:  /cri4/iain/.pymol/license.lic:
FlexNet Licensing error:-2,413
 Detected OpenGL version 4.6. Shaders available.
 Detected GLSL version 4.60.
 OpenGL graphics engine:
  GL_VENDOR:   NVIDIA Corporation
  GL_RENDERER: NVIDIA GeForce GTX 1080/PCIe/SSE2
  GL_VERSION:  4.6.0 NVIDIA 535.216.01
 Detected 36 CPU cores.  Enabled multithreaded rendering.
 Executive: Loading version 3.000000 session...
 Session was saved with: viewport 0, 0
Invalid license file syntax.
Feature:       PYMOL_MAIN
License path:  /cri4/iain/.pymol/license.lic:
FlexNet Licensing error:-2,413
 PyMOL(TM) 3.0.4 - Incentive Product
 Copyright (C) Schrodinger, LLC
 
 This Executable Build integrates and extends Open-Source PyMOL.
Invalid license file syntax.
Feature:       PYMOL_MAIN
License path:  /cri4/iain/.pymol/license.lic:
FlexNet Licensing error:-2,413
 Detected OpenGL version 4.6. Shaders available.
 Detected GLSL version 4.60.
 OpenGL graphics engine:
  GL_VENDOR:   NVIDIA Corporation
  GL_RENDERER: NVIDIA GeForce GTX 1080/PCIe/SSE2
  GL_VERSION:  4.6.0 NVIDIA 535.216.01
 Detected 36 CPU cores.  Enabled multithreaded rendering.
 Executive: Loading version 3.000000 session...
 Session was saved with: viewport 0, 0
Invalid license file syntax.
Feature:       PYMOL_MAIN
License path:  /cri4/iain/.pymol/license.lic:
FlexNet Licensing error:-2,413
 PyMOL(TM) 3.0.4 - Incentive Product
 Copyright (C) Schrodinger, LLC
 
 This Executable Build integrates and extends Open-Source PyMOL.
Invalid license file syntax.
Feature:       PYMOL_MAIN
License path:  /cri4/iain/.pymol/license.lic:
FlexNet Licensing error:-2,413
 Detected OpenGL version 4.6. Shaders available.
 Detected GLSL version 4.60.
 OpenGL graphics engine:
  GL_VENDOR:   NVIDIA Corporation
  GL_RENDERER: NVIDIA GeForce GTX 1080/PCIe/SSE2
  GL_VERSION:  4.6.0 NVIDIA 535.216.01
 Detected 36 CPU cores.  Enabled multithreaded rendering.
 Executive: Loading version 3.000000 session...
 Session was saved with: viewport 0, 0
Invalid license file syntax.
Feature:       PYMOL_MAIN
License path:  /cri4/iain/.pymol/license.lic:
FlexNet Licensing error:-2,413
 PyMOL(TM) 3.0.4 - Incentive Product
 Copyright (C) Schrodinger, LLC
 
 This Executable Build integrates and extends Open-Source PyMOL.
Invalid license file syntax.
Feature:       PYMOL_MAIN
License path:  /cri4/iain/.pymol/license.lic:
FlexNet Licensing error:-2,413
 Detected OpenGL version 4.6. Shaders available.
 Detected GLSL version 4.60.
 OpenGL graphics engine:
  GL_VENDOR:   NVIDIA Corporation
  GL_RENDERER: NVIDIA GeForce GTX 1080/PCIe/SSE2
  GL_VERSION:  4.6.0 NVIDIA 535.216.01
GL_ERROR : 0x0502
GL_ERROR : 0x0505
 Detected 36 CPU cores.  Enabled multithreaded rendering.
 Executive: Loading version 3.000000 session...
 Session was saved with: viewport 0, 0
GL_ERROR : 0x0505
GL_ERROR : 0x0505
GL_ERROR : 0x0505
GL_ERROR : 0x0505
GL_ERROR : 0x0505
GL_ERROR : 0x0505
GL_ERROR : 0x0505
GL_ERROR : 0x0505
GL_ERROR : 0x0505
GL_ERROR : 0x0505
GL_ERROR : 0x0505
GL_ERROR : 0x0505
GL_ERROR : 0x0505
GL_ERROR : 0x0505
GL_ERROR : 0x0505
GL_ERROR : 0x0505
GL_ERROR : 0x0505
GL_ERROR : 0x0505
GL_ERROR : 0x0505
GL_ERROR : 0x0505
GL_ERROR : 0x0505
GL_ERROR : 0x0505
GL_ERROR : 0x0505
GL_ERROR : 0x0505
GL_ERROR : 0x0505
GL_ERROR : 0x0505
GL_ERROR : 0x0505
GL_ERROR : 0x0505
GL_ERROR : 0x0505
GL_ERROR : 0x0505
GL_ERROR : 0x0505
GL_ERROR : 0x0505
GL_ERROR : 0x0505
GL_ERROR : 0x0505
GL_ERROR : 0x0505
GL_ERROR : 0x0505
GL_ERROR : 0x0505
GL_ERROR : 0x0505
GL_ERROR : 0x0505
GL_ERROR : 0x0505
GL_ERROR : 0x0505
GL_ERROR : 0x0505
GL_ERROR : 0x0505
GL_ERROR : 0x0505
GL_ERROR : 0x0505
GL_ERROR : 0x0505
GL_ERROR : 0x0505
GL_ERROR : 0x0505
GL_ERROR : 0x0505
GL_ERROR : 0x0505
GL_ERROR : 0x0505
GL_ERROR : 0x0505
GL_ERROR : 0x0505
GL_ERROR : 0x0505
GL_ERROR : 0x0505
GL_ERROR : 0x0505
GL_ERROR : 0x0505
GL_ERROR : 0x0505
GL_ERROR : 0x0505
GL_ERROR : 0x0505
GL_ERROR : 0x0505
GL_ERROR : 0x0505
GL_ERROR : 0x0505
GL_ERROR : 0x0505
GL_ERROR : 0x0505
GL_ERROR : 0x0505
GL_ERROR : 0x0505
GL_ERROR : 0x0505
GL_ERROR : 0x0505
GL_ERROR : 0x0505
GL_ERROR : 0x0505
GL_ERROR : 0x0505
GL_ERROR : 0x0505
GL_ERROR : 0x0505
GL_ERROR : 0x0505
GL_ERROR : 0x0505
GL_ERROR : 0x0505
GL_ERROR : 0x0505
GL_ERROR : 0x0505
GL_ERROR : 0x0505
GL_ERROR : 0x0505
GL_ERROR : 0x0505
GL_ERROR : 0x0505
GL_ERROR : 0x0505
GL_ERROR : 0x0505
GL_ERROR : 0x0505
GL_ERROR : 0x0505
GL_ERROR : 0x0505
GL_ERROR : 0x0505
GL_ERROR : 0x0505
GL_ERROR : 0x0505
GL_ERROR : 0x0505
GL_ERROR : 0x0505
GL_ERROR : 0x0505
GL_ERROR : 0x0505
GL_ERROR : 0x0505
GL_ERROR : 0x0505
GL_ERROR : 0x0505
GL_ERROR : 0x0505
GL_ERROR : 0x0505
GL_ERROR : 0x0505
GL_ERROR : 0x0505
GL_ERROR : 0x0505
GL_ERROR : 0x0505
GL_ERROR : 0x0505
GL_ERROR : 0x0505
GL_ERROR : 0x0505
GL_ERROR : 0x0505
GL_ERROR : 0x0505
GL_ERROR : 0x0505
GL_ERROR : 0x0505
GL_ERROR : 0x0505
GL_ERROR : 0x0505
GL_ERROR : 0x0505
GL_ERROR : 0x0505
GL_ERROR : 0x0505
GL_ERROR : 0x0505
GL_ERROR : 0x0505
GL_ERROR : 0x0505
GL_ERROR : 0x0505
GL_ERROR : 0x0505
GL_ERROR : 0x0505
GL_ERROR : 0x0505
GL_ERROR : 0x0505
GL_ERROR : 0x0505
GL_ERROR : 0x0505
GL_ERROR : 0x0505
GL_ERROR : 0x0505
GL_ERROR : 0x0505
GL_ERROR : 0x0505
GL_ERROR : 0x0505
GL_ERROR : 0x0505
GL_ERROR : 0x0505
GL_ERROR : 0x0505
GL_ERROR : 0x0505
GL_ERROR : 0x0505
GL_ERROR : 0x0505
GL_ERROR : 0x0505
GL_ERROR : 0x0505
GL_ERROR : 0x0505
GL_ERROR : 0x0505
GL_ERROR : 0x0505
GL_ERROR : 0x0505
GL_ERROR : 0x0505
GL_ERROR : 0x0505
GL_ERROR : 0x0505
GL_ERROR : 0x0505
GL_ERROR : 0x0505
GL_ERROR : 0x0505
GL_ERROR : 0x0505
GL_ERROR : 0x0505
GL_ERROR : 0x0505
GL_ERROR : 0x0505
GL_ERROR : 0x0505
GL_ERROR : 0x0505
GL_ERROR : 0x0505
GL_ERROR : 0x0505
GL_ERROR : 0x0505
GL_ERROR : 0x0505
GL_ERROR : 0x0505
GL_ERROR : 0x0505
GL_ERROR : 0x0505
GL_ERROR : 0x0505
GL_ERROR : 0x0505
GL_ERROR : 0x0505
GL_ERROR : 0x0505
GL_ERROR : 0x0505
GL_ERROR : 0x0505
GL_ERROR : 0x0505
GL_ERROR : 0x0505
GL_ERROR : 0x0505
GL_ERROR : 0x0505
GL_ERROR : 0x0505
GL_ERROR : 0x0505
GL_ERROR : 0x0505
GL_ERROR : 0x0505
GL_ERROR : 0x0505
GL_ERROR : 0x0505
GL_ERROR : 0x0505
GL_ERROR : 0x0505
GL_ERROR : 0x0505
GL_ERROR : 0x0505
GL_ERROR : 0x0505
GL_ERROR : 0x0505
GL_ERROR : 0x0505
GL_ERROR : 0x0505
GL_ERROR : 0x0505
GL_ERROR : 0x0505
GL_ERROR : 0x0505
GL_ERROR : 0x0505
GL_ERROR : 0x0505
GL_ERROR : 0x0505
GL_ERROR : 0x0505
GL_ERROR : 0x0505
GL_ERROR : 0x0505
GL_ERROR : 0x0505
GL_ERROR : 0x0505
GL_ERROR : 0x0505
GL_ERROR : 0x0505
GL_ERROR : 0x0505
GL_ERROR : 0x0505
GL_ERROR : 0x0505
GL_ERROR : 0x0505
GL_ERROR : 0x0505
GL_ERROR : 0x0505
GL_ERROR : 0x0505
GL_ERROR : 0x0505
GL_ERROR : 0x0505
GL_ERROR : 0x0505
GL_ERROR : 0x0505
GL_ERROR : 0x0505
GL_ERROR : 0x0505
GL_ERROR : 0x0505
GL_ERROR : 0x0505
GL_ERROR : 0x0505
GL_ERROR : 0x0505
GL_ERROR : 0x0505
GL_ERROR : 0x0505
GL_ERROR : 0x0505
GL_ERROR : 0x0505
GL_ERROR : 0x0505
GL_ERROR : 0x0505
GL_ERROR : 0x0505
GL_ERROR : 0x0505
GL_ERROR : 0x0505
GL_ERROR : 0x0505
GL_ERROR : 0x0505
GL_ERROR : 0x0505
GL_ERROR : 0x0505
GL_ERROR : 0x0505
GL_ERROR : 0x0505
GL_ERROR : 0x0505
GL_ERROR : 0x0505
GL_ERROR : 0x0505
GL_ERROR : 0x0505
GL_ERROR : 0x0505
GL_ERROR : 0x0505
GL_ERROR : 0x0505
GL_ERROR : 0x0505
GL_ERROR : 0x0505
GL_ERROR : 0x0505
GL_ERROR : 0x0505
GL_ERROR : 0x0505
GL_ERROR : 0x0505
GL_ERROR : 0x0505
GL_ERROR : 0x0505
GL_ERROR : 0x0505
GL_ERROR : 0x0505
GL_ERROR : 0x0505
GL_ERROR : 0x0505
GL_ERROR : 0x0505
GL_ERROR : 0x0505
GL_ERROR : 0x0505
GL_ERROR : 0x0505
GL_ERROR : 0x0505
GL_ERROR : 0x0505
GL_ERROR : 0x0505
GL_ERROR : 0x0505
GL_ERROR : 0x0505
GL_ERROR : 0x0505
GL_ERROR : 0x0505
GL_ERROR : 0x0505
GL_ERROR : 0x0505
GL_ERROR : 0x0505
GL_ERROR : 0x0505
GL_ERROR : 0x0505
GL_ERROR : 0x0505
GL_ERROR : 0x0505
GL_ERROR : 0x0505
GL_ERROR : 0x0505
GL_ERROR : 0x0505
GL_ERROR : 0x0505
GL_ERROR : 0x0505
GL_ERROR : 0x0505
GL_ERROR : 0x0505
GL_ERROR : 0x0505
GL_ERROR : 0x0505
GL_ERROR : 0x0505
GL_ERROR : 0x0505
GL_ERROR : 0x0505
GL_ERROR : 0x0505
GL_ERROR : 0x0505
GL_ERROR : 0x0505
GL_ERROR : 0x0505
GL_ERROR : 0x0505
GL_ERROR : 0x0505
GL_ERROR : 0x0505
GL_ERROR : 0x0505
GL_ERROR : 0x0505
GL_ERROR : 0x0505
GL_ERROR : 0x0505
GL_ERROR : 0x0505
GL_ERROR : 0x0505
GL_ERROR : 0x0505
GL_ERROR : 0x0505
GL_ERROR : 0x0505
GL_ERROR : 0x0505
GL_ERROR : 0x0505
GL_ERROR : 0x0505
GL_ERROR : 0x0505
GL_ERROR : 0x0505
GL_ERROR : 0x0505
GL_ERROR : 0x0505
GL_ERROR : 0x0505
GL_ERROR : 0x0505
GL_ERROR : 0x0505
GL_ERROR : 0x0505
GL_ERROR : 0x0505
GL_ERROR : 0x0505
GL_ERROR : 0x0505
GL_ERROR : 0x0505
GL_ERROR : 0x0505
GL_ERROR : 0x0505
GL_ERROR : 0x0505
GL_ERROR : 0x0505
GL_ERROR : 0x0505
GL_ERROR : 0x0505
GL_ERROR : 0x0505
GL_ERROR : 0x0505
GL_ERROR : 0x0505
GL_ERROR : 0x0505
GL_ERROR : 0x0505
GL_ERROR : 0x0505
GL_ERROR : 0x0505
GL_ERROR : 0x0505
GL_ERROR : 0x0505
GL_ERROR : 0x0505
GL_ERROR : 0x0505
GL_ERROR : 0x0505
GL_ERROR : 0x0505
GL_ERROR : 0x0505
GL_ERROR : 0x0505
GL_ERROR : 0x0505
GL_ERROR : 0x0505
GL_ERROR : 0x0505
GL_ERROR : 0x0505
GL_ERROR : 0x0505
GL_ERROR : 0x0505
GL_ERROR : 0x0505
GL_ERROR : 0x0505
GL_ERROR : 0x0505
GL_ERROR : 0x0505
GL_ERROR : 0x0505
GL_ERROR : 0x0505
GL_ERROR : 0x0505
GL_ERROR : 0x0505
GL_ERROR : 0x0505
GL_ERROR : 0x0505
GL_ERROR : 0x0505
GL_ERROR : 0x0505
GL_ERROR : 0x0505
GL_ERROR : 0x0505
GL_ERROR : 0x0505
GL_ERROR : 0x0505
GL_ERROR : 0x0505
GL_ERROR : 0x0505
GL_ERROR : 0x0505
GL_ERROR : 0x0505
GL_ERROR : 0x0505
GL_ERROR : 0x0505
GL_ERROR : 0x0505
GL_ERROR : 0x0505
GL_ERROR : 0x0505
GL_ERROR : 0x0505
GL_ERROR : 0x0505
GL_ERROR : 0x0505
GL_ERROR : 0x0505
GL_ERROR : 0x0505
GL_ERROR : 0x0505
GL_ERROR : 0x0505
GL_ERROR : 0x0505
GL_ERROR : 0x0505
GL_ERROR : 0x0505
GL_ERROR : 0x0505
GL_ERROR : 0x0505
GL_ERROR : 0x0505
GL_ERROR : 0x0505
GL_ERROR : 0x0505
GL_ERROR : 0x0505
GL_ERROR : 0x0505
GL_ERROR : 0x0505
GL_ERROR : 0x0505
GL_ERROR : 0x0505
GL_ERROR : 0x0505
GL_ERROR : 0x0505
GL_ERROR : 0x0505
GL_ERROR : 0x0505
GL_ERROR : 0x0505
GL_ERROR : 0x0505
GL_ERROR : 0x0505
GL_ERROR : 0x0505
GL_ERROR : 0x0505
GL_ERROR : 0x0505
GL_ERROR : 0x0505
GL_ERROR : 0x0505
GL_ERROR : 0x0505
GL_ERROR : 0x0505
GL_ERROR : 0x0505
GL_ERROR : 0x0505
GL_ERROR : 0x0505
PyMOL>cmd.center("5",animate=-1)
Traceback (most recent call last):
  File "/cri4/iain/anaconda3/envs/py312np2/lib/python3.12/site-packages/pmg_qt/contents_panel/contents_panel.py", line 169, in append_dragged_object_tile
    self.update_drag_highlighting()
  File "/cri4/iain/anaconda3/envs/py312np2/lib/python3.12/site-packages/pmg_qt/contents_panel/contents_panel.py", line 209, in update_drag_highlighting
    self.update_dragged_object_tile_list()
  File "/cri4/iain/anaconda3/envs/py312np2/lib/python3.12/site-packages/pmg_qt/contents_panel/contents_panel.py", line 196, in update_dragged_object_tile_list
    start_index = self.object_tile_list.index(start_obj_t)
                  ^^^^^^^^^^^^^^^^^^^^^^^^^^^^^^^^^^^^^^^^
ValueError: <pmg_qt.contents_panel.object_tile.ObjectTile object at 0x7f1209b8a330> is not in list
Traceback (most recent call last):
  File "/cri4/iain/anaconda3/envs/py312np2/lib/python3.12/site-packages/pmg_qt/contents_panel/object_tile.py", line 249, in mouseReleaseEvent
    self.parent().resolve_dragged_object_tiles()
  File "/cri4/iain/anaconda3/envs/py312np2/lib/python3.12/site-packages/pmg_qt/contents_panel/contents_panel.py", line 220, in resolve_dragged_object_tiles
    self.update_dragged_object_tile_list()
  File "/cri4/iain/anaconda3/envs/py312np2/lib/python3.12/site-packages/pmg_qt/contents_panel/contents_panel.py", line 196, in update_dragged_object_tile_list
    start_index = self.object_tile_list.index(start_obj_t)
                  ^^^^^^^^^^^^^^^^^^^^^^^^^^^^^^^^^^^^^^^^
ValueError: <pmg_qt.contents_panel.object_tile.ObjectTile object at 0x7f1209b8a330> is not in list
Traceback (most recent call last):
  File "/cri4/iain/anaconda3/envs/py312np2/lib/python3.12/site-packages/pmg_qt/contents_panel/contents_panel.py", line 169, in append_dragged_object_tile
    self.update_drag_highlighting()
  File "/cri4/iain/anaconda3/envs/py312np2/lib/python3.12/site-packages/pmg_qt/contents_panel/contents_panel.py", line 209, in update_drag_highlighting
    self.update_dragged_object_tile_list()
  File "/cri4/iain/anaconda3/envs/py312np2/lib/python3.12/site-packages/pmg_qt/contents_panel/contents_panel.py", line 196, in update_dragged_object_tile_list
    start_index = self.object_tile_list.index(start_obj_t)
                  ^^^^^^^^^^^^^^^^^^^^^^^^^^^^^^^^^^^^^^^^
ValueError: <pmg_qt.contents_panel.object_tile.ObjectTile object at 0x7f120d626c30> is not in list
PyMOL>cmd.center("0",animate=-1)
PyMOL>cmd.center("1",animate=-1)
PyMOL>cmd.center("4",animate=-1)
PyMOL>cmd.center("4",animate=-1)
PyMOL>cmd.center("5",animate=-1)
PyMOL>cmd.center("5",animate=-1)
Invalid license file syntax.
Feature:       PYMOL_MAIN
License path:  /cri4/iain/.pymol/license.lic:
FlexNet Licensing error:-2,413
 PyMOL(TM) 3.0.4 - Incentive Product
 Copyright (C) Schrodinger, LLC
 
 This Executable Build integrates and extends Open-Source PyMOL.
Invalid license file syntax.
Feature:       PYMOL_MAIN
License path:  /cri4/iain/.pymol/license.lic:
FlexNet Licensing error:-2,413
 Detected OpenGL version 4.6. Shaders available.
 Detected GLSL version 4.60.
 OpenGL graphics engine:
  GL_VENDOR:   NVIDIA Corporation
  GL_RENDERER: NVIDIA GeForce GTX 1080/PCIe/SSE2
  GL_VERSION:  4.6.0 NVIDIA 535.216.01
 Detected 36 CPU cores.  Enabled multithreaded rendering.
 Executive: Loading version 3.000000 session...
 Session was saved with: viewport 0, 0
Invalid license file syntax.
Feature:       PYMOL_MAIN
License path:  /cri4/iain/.pymol/license.lic:
FlexNet Licensing error:-2,413
 PyMOL(TM) 3.0.4 - Incentive Product
 Copyright (C) Schrodinger, LLC
 
 This Executable Build integrates and extends Open-Source PyMOL.
Invalid license file syntax.
Feature:       PYMOL_MAIN
License path:  /cri4/iain/.pymol/license.lic:
FlexNet Licensing error:-2,413
 Detected OpenGL version 4.6. Shaders available.
 Detected GLSL version 4.60.
 OpenGL graphics engine:
  GL_VENDOR:   NVIDIA Corporation
  GL_RENDERER: NVIDIA GeForce GTX 1080/PCIe/SSE2
  GL_VERSION:  4.6.0 NVIDIA 535.216.01
 Detected 36 CPU cores.  Enabled multithreaded rendering.
 Executive: Loading version 3.000000 session...
 Session was saved with: viewport 0, 0
Invalid license file syntax.
Feature:       PYMOL_MAIN
License path:  /cri4/iain/.pymol/license.lic:
FlexNet Licensing error:-2,413
 PyMOL(TM) 3.0.4 - Incentive Product
 Copyright (C) Schrodinger, LLC
 
 This Executable Build integrates and extends Open-Source PyMOL.
Invalid license file syntax.
Feature:       PYMOL_MAIN
License path:  /cri4/iain/.pymol/license.lic:
FlexNet Licensing error:-2,413
 Detected OpenGL version 4.6. Shaders available.
 Detected GLSL version 4.60.
 OpenGL graphics engine:
  GL_VENDOR:   NVIDIA Corporation
  GL_RENDERER: NVIDIA GeForce GTX 1080/PCIe/SSE2
  GL_VERSION:  4.6.0 NVIDIA 535.216.01
 Detected 36 CPU cores.  Enabled multithreaded rendering.
 Executive: Loading version 3.000000 session...
 Session was saved with: viewport 0, 0
PyMOL>cmd.center("0",animate=-1)
PyMOL>cmd.center("3",animate=-1)
PyMOL>cmd.center("2",animate=-1)
Invalid license file syntax.
Feature:       PYMOL_MAIN
License path:  /cri4/iain/.pymol/license.lic:
FlexNet Licensing error:-2,413
 PyMOL(TM) 3.0.4 - Incentive Product
 Copyright (C) Schrodinger, LLC
 
 This Executable Build integrates and extends Open-Source PyMOL.
Invalid license file syntax.
Feature:       PYMOL_MAIN
License path:  /cri4/iain/.pymol/license.lic:
FlexNet Licensing error:-2,413
 Detected OpenGL version 4.6. Shaders available.
 Detected GLSL version 4.60.
 OpenGL graphics engine:
  GL_VENDOR:   NVIDIA Corporation
  GL_RENDERER: NVIDIA GeForce GTX 1080/PCIe/SSE2
  GL_VERSION:  4.6.0 NVIDIA 535.216.01
 Detected 36 CPU cores.  Enabled multithreaded rendering.
 Executive: Loading version 3.000000 session...
 Session was saved with: viewport 0, 0
Invalid license file syntax.
Feature:       PYMOL_MAIN
License path:  /cri4/iain/.pymol/license.lic:
FlexNet Licensing error:-2,413
 PyMOL(TM) 3.0.4 - Incentive Product
 Copyright (C) Schrodinger, LLC
 
 This Executable Build integrates and extends Open-Source PyMOL.
Invalid license file syntax.
Feature:       PYMOL_MAIN
License path:  /cri4/iain/.pymol/license.lic:
FlexNet Licensing error:-2,413
 Detected OpenGL version 4.6. Shaders available.
 Detected GLSL version 4.60.
 OpenGL graphics engine:
  GL_VENDOR:   NVIDIA Corporation
  GL_RENDERER: NVIDIA GeForce GTX 1080/PCIe/SSE2
  GL_VERSION:  4.6.0 NVIDIA 535.216.01
 Detected 36 CPU cores.  Enabled multithreaded rendering.
 Executive: Loading version 3.000000 session...
 Session was saved with: viewport 0, 0
qt.qpa.xcb: QXcbConnection: XCB error: 3 (BadWindow), sequence: 1335, resource id: 22715505, major code: 40 (TranslateCoords), minor code: 0
 You clicked /4P6X_Kk_6_01-1//k/LYS`771/CA
 Selector: selection "sele" defined with 1 atoms.
PyMOL>cmd.center("13.0",animate=-1)
PyMOL>cmd.center("-1.0",animate=-1)
 Save: Please wait -- writing session file...
 Save: wrote "/cri4/iain/projectB/all clusters ONLY VARIANCE 0.pse".
qt.qpa.xcb: QXcbConnection: XCB error: 3 (BadWindow), sequence: 14693, resource id: 22793694, major code: 40 (TranslateCoords), minor code: 0
Invalid license file syntax.
Feature:       PYMOL_MAIN
License path:  /cri4/iain/.pymol/license.lic:
FlexNet Licensing error:-2,413
 PyMOL(TM) 3.0.4 - Incentive Product
 Copyright (C) Schrodinger, LLC
 
 This Executable Build integrates and extends Open-Source PyMOL.
Invalid license file syntax.
Feature:       PYMOL_MAIN
License path:  /cri4/iain/.pymol/license.lic:
FlexNet Licensing error:-2,413
 Detected OpenGL version 4.6. Shaders available.
 Detected GLSL version 4.60.
 OpenGL graphics engine:
  GL_VENDOR:   NVIDIA Corporation
  GL_RENDERER: NVIDIA GeForce GTX 1080/PCIe/SSE2
  GL_VERSION:  4.6.0 NVIDIA 535.216.01
 Detected 36 CPU cores.  Enabled multithreaded rendering.
 Executive: Loading version 3.000000 session...
 Session was saved with: viewport 0, 0
Invalid license file syntax.
Feature:       PYMOL_MAIN
License path:  /cri4/iain/.pymol/license.lic:
FlexNet Licensing error:-2,413
 PyMOL(TM) 3.0.4 - Incentive Product
 Copyright (C) Schrodinger, LLC
 
 This Executable Build integrates and extends Open-Source PyMOL.
Invalid license file syntax.
Feature:       PYMOL_MAIN
License path:  /cri4/iain/.pymol/license.lic:
FlexNet Licensing error:-2,413
 Detected OpenGL version 4.6. Shaders available.
 Detected GLSL version 4.60.
 OpenGL graphics engine:
  GL_VENDOR:   NVIDIA Corporation
  GL_RENDERER: NVIDIA GeForce GTX 1080/PCIe/SSE2
  GL_VERSION:  4.6.0 NVIDIA 535.216.01
 Detected 36 CPU cores.  Enabled multithreaded rendering.
 Executive: Loading version 3.000000 session...
 Session was saved with: viewport 0, 0
Invalid license file syntax.
Feature:       PYMOL_MAIN
License path:  /cri4/iain/.pymol/license.lic:
FlexNet Licensing error:-2,413
 PyMOL(TM) 3.0.4 - Incentive Product
 Copyright (C) Schrodinger, LLC
 
 This Executable Build integrates and extends Open-Source PyMOL.
Invalid license file syntax.
Feature:       PYMOL_MAIN
License path:  /cri4/iain/.pymol/license.lic:
FlexNet Licensing error:-2,413
 Detected OpenGL version 4.6. Shaders available.
 Detected GLSL version 4.60.
 OpenGL graphics engine:
  GL_VENDOR:   NVIDIA Corporation
  GL_RENDERER: NVIDIA GeForce GTX 1080/PCIe/SSE2
  GL_VERSION:  4.6.0 NVIDIA 535.216.01
 Detected 36 CPU cores.  Enabled multithreaded rendering.
 Executive: Loading version 3.000000 session...
 Session was saved with: viewport 0, 0
Invalid license file syntax.
Feature:       PYMOL_MAIN
License path:  /cri4/iain/.pymol/license.lic:
FlexNet Licensing error:-2,413
 PyMOL(TM) 3.0.4 - Incentive Product
 Copyright (C) Schrodinger, LLC
 
 This Executable Build integrates and extends Open-Source PyMOL.
Invalid license file syntax.
Feature:       PYMOL_MAIN
License path:  /cri4/iain/.pymol/license.lic:
FlexNet Licensing error:-2,413
 Detected OpenGL version 4.6. Shaders available.
 Detected GLSL version 4.60.
 OpenGL graphics engine:
  GL_VENDOR:   NVIDIA Corporation
  GL_RENDERER: NVIDIA GeForce GTX 1080/PCIe/SSE2
  GL_VERSION:  4.6.0 NVIDIA 535.216.01
 Detected 36 CPU cores.  Enabled multithreaded rendering.
 Executive: Loading version 3.000000 session...
 Session was saved with: viewport 0, 0
Invalid license file syntax.
Feature:       PYMOL_MAIN
License path:  /cri4/iain/.pymol/license.lic:
FlexNet Licensing error:-2,413
 PyMOL(TM) 3.0.4 - Incentive Product
 Copyright (C) Schrodinger, LLC
 
 This Executable Build integrates and extends Open-Source PyMOL.
Invalid license file syntax.
Feature:       PYMOL_MAIN
License path:  /cri4/iain/.pymol/license.lic:
FlexNet Licensing error:-2,413
 Detected OpenGL version 4.6. Shaders available.
 Detected GLSL version 4.60.
 OpenGL graphics engine:
  GL_VENDOR:   NVIDIA Corporation
  GL_RENDERER: NVIDIA GeForce GTX 1080/PCIe/SSE2
  GL_VERSION:  4.6.0 NVIDIA 535.216.01
 Detected 36 CPU cores.  Enabled multithreaded rendering.
 Executive: Loading version 3.000000 session...
 Session was saved with: viewport 0, 0
Invalid license file syntax.
Feature:       PYMOL_MAIN
License path:  /cri4/iain/.pymol/license.lic:
FlexNet Licensing error:-2,413
 PyMOL(TM) 3.0.4 - Incentive Product
 Copyright (C) Schrodinger, LLC
 
 This Executable Build integrates and extends Open-Source PyMOL.
Invalid license file syntax.
Feature:       PYMOL_MAIN
License path:  /cri4/iain/.pymol/license.lic:
FlexNet Licensing error:-2,413
 Detected OpenGL version 4.6. Shaders available.
 Detected GLSL version 4.60.
 OpenGL graphics engine:
  GL_VENDOR:   NVIDIA Corporation
  GL_RENDERER: NVIDIA GeForce GTX 1080/PCIe/SSE2
  GL_VERSION:  4.6.0 NVIDIA 535.216.01
 Detected 36 CPU cores.  Enabled multithreaded rendering.
 Executive: Loading version 3.000000 session...
 Session was saved with: viewport 0, 0
Invalid license file syntax.
Feature:       PYMOL_MAIN
License path:  /cri4/iain/.pymol/license.lic:
FlexNet Licensing error:-2,413
 PyMOL(TM) 3.0.4 - Incentive Product
 Copyright (C) Schrodinger, LLC
 
 This Executable Build integrates and extends Open-Source PyMOL.
Invalid license file syntax.
Feature:       PYMOL_MAIN
License path:  /cri4/iain/.pymol/license.lic:
FlexNet Licensing error:-2,413
 Detected OpenGL version 4.6. Shaders available.
 Detected GLSL version 4.60.
 OpenGL graphics engine:
  GL_VENDOR:   NVIDIA Corporation
  GL_RENDERER: NVIDIA GeForce GTX 1080/PCIe/SSE2
  GL_VERSION:  4.6.0 NVIDIA 535.216.01
 Detected 36 CPU cores.  Enabled multithreaded rendering.
 Executive: Loading version 3.000000 session...
 Session was saved with: viewport 0, 0
 Save: Please wait -- writing session file...
 Save: wrote "/cri4/iain/projectB/Cluster10(V0)+BW10(D12).pse".
 Save: Please wait -- writing session file...
 Save: wrote "/cri4/iain/projectB/Cluster10(V0).pse".
Invalid license file syntax.
Feature:       PYMOL_MAIN
License path:  /cri4/iain/.pymol/license.lic:
FlexNet Licensing error:-2,413
 PyMOL(TM) 3.0.4 - Incentive Product
 Copyright (C) Schrodinger, LLC
 
 This Executable Build integrates and extends Open-Source PyMOL.
Invalid license file syntax.
Feature:       PYMOL_MAIN
License path:  /cri4/iain/.pymol/license.lic:
FlexNet Licensing error:-2,413
 Detected OpenGL version 4.6. Shaders available.
 Detected GLSL version 4.60.
 OpenGL graphics engine:
  GL_VENDOR:   NVIDIA Corporation
  GL_RENDERER: NVIDIA GeForce GTX 1080/PCIe/SSE2
  GL_VERSION:  4.6.0 NVIDIA 535.216.01
 Detected 36 CPU cores.  Enabled multithreaded rendering.
 Executive: Loading version 3.000000 session...
 Session was saved with: viewport 0, 0
Invalid license file syntax.
Feature:       PYMOL_MAIN
License path:  /cri4/iain/.pymol/license.lic:
FlexNet Licensing error:-2,413
 PyMOL(TM) 3.0.4 - Incentive Product
 Copyright (C) Schrodinger, LLC
 
 This Executable Build integrates and extends Open-Source PyMOL.
Invalid license file syntax.
Feature:       PYMOL_MAIN
License path:  /cri4/iain/.pymol/license.lic:
FlexNet Licensing error:-2,413
 Detected OpenGL version 4.6. Shaders available.
 Detected GLSL version 4.60.
 OpenGL graphics engine:
  GL_VENDOR:   NVIDIA Corporation
  GL_RENDERER: NVIDIA GeForce GTX 1080/PCIe/SSE2
  GL_VERSION:  4.6.0 NVIDIA 535.216.01
 Detected 36 CPU cores.  Enabled multithreaded rendering.
 Executive: Loading version 3.000000 session...
 Session was saved with: viewport 0, 0
PyMOL>cmd.center("1",animate=-1)
PyMOL>cmd.center("2",animate=-1)
PyMOL>cmd.center("3",animate=-1)
 You clicked /3H0A_Aa_2_101//A/LYS`763/CA
 Selector: selection "sele" defined with 1 atoms.
Invalid license file syntax.
Feature:       PYMOL_MAIN
License path:  /cri4/iain/.pymol/license.lic:
FlexNet Licensing error:-2,413
 PyMOL(TM) 3.0.4 - Incentive Product
 Copyright (C) Schrodinger, LLC
 
 This Executable Build integrates and extends Open-Source PyMOL.
Invalid license file syntax.
Feature:       PYMOL_MAIN
License path:  /cri4/iain/.pymol/license.lic:
FlexNet Licensing error:-2,413
 Detected OpenGL version 4.6. Shaders available.
 Detected GLSL version 4.60.
 OpenGL graphics engine:
  GL_VENDOR:   NVIDIA Corporation
  GL_RENDERER: NVIDIA GeForce GTX 1080/PCIe/SSE2
  GL_VERSION:  4.6.0 NVIDIA 535.216.01
 Detected 36 CPU cores.  Enabled multithreaded rendering.
 Executive: Loading version 3.000000 session...
 Session was saved with: viewport 0, 0
PyMOL>cmd.center("3",animate=-1)
 You clicked /4P6X_Ce_1_000//C/THR`594/CA
Invalid license file syntax.
Feature:       PYMOL_MAIN
License path:  /cri4/iain/.pymol/license.lic:
FlexNet Licensing error:-2,413
 PyMOL(TM) 3.0.4 - Incentive Product
 Copyright (C) Schrodinger, LLC
 
 This Executable Build integrates and extends Open-Source PyMOL.
Invalid license file syntax.
Feature:       PYMOL_MAIN
License path:  /cri4/iain/.pymol/license.lic:
FlexNet Licensing error:-2,413
 Detected OpenGL version 4.6. Shaders available.
 Detected GLSL version 4.60.
 OpenGL graphics engine:
  GL_VENDOR:   NVIDIA Corporation
  GL_RENDERER: NVIDIA GeForce GTX 1080/PCIe/SSE2
  GL_VERSION:  4.6.0 NVIDIA 535.216.01
 Detected 36 CPU cores.  Enabled multithreaded rendering.
 Executive: Loading version 3.000000 session...
 Session was saved with: viewport 0, 0
PyMOL>cmd.center("3",animate=-1)
PyMOL>cmd.center("4",animate=-1)
PyMOL>cmd.center("0",animate=-1)
Invalid license file syntax.
Feature:       PYMOL_MAIN
License path:  /cri4/iain/.pymol/license.lic:
FlexNet Licensing error:-2,413
 PyMOL(TM) 3.0.4 - Incentive Product
 Copyright (C) Schrodinger, LLC
 
 This Executable Build integrates and extends Open-Source PyMOL.
Invalid license file syntax.
Feature:       PYMOL_MAIN
License path:  /cri4/iain/.pymol/license.lic:
FlexNet Licensing error:-2,413
 Detected OpenGL version 4.6. Shaders available.
 Detected GLSL version 4.60.
 OpenGL graphics engine:
  GL_VENDOR:   NVIDIA Corporation
  GL_RENDERER: NVIDIA GeForce GTX 1080/PCIe/SSE2
  GL_VERSION:  4.6.0 NVIDIA 535.216.01
 Detected 36 CPU cores.  Enabled multithreaded rendering.
 Executive: Loading version 3.000000 session...
 Session was saved with: viewport 0, 0
PyMOL>cmd.center("2",animate=-1)
PyMOL>cmd.center("1",animate=-1)
Invalid license file syntax.
Feature:       PYMOL_MAIN
License path:  /cri4/iain/.pymol/license.lic:
FlexNet Licensing error:-2,413
 PyMOL(TM) 3.0.4 - Incentive Product
 Copyright (C) Schrodinger, LLC
 
 This Executable Build integrates and extends Open-Source PyMOL.
Invalid license file syntax.
Feature:       PYMOL_MAIN
License path:  /cri4/iain/.pymol/license.lic:
FlexNet Licensing error:-2,413
 Detected OpenGL version 4.6. Shaders available.
 Detected GLSL version 4.60.
 OpenGL graphics engine:
  GL_VENDOR:   NVIDIA Corporation
  GL_RENDERER: NVIDIA GeForce GTX 1080/PCIe/SSE2
  GL_VERSION:  4.6.0 NVIDIA 535.216.01
 Detected 36 CPU cores.  Enabled multithreaded rendering.
 Executive: Loading version 3.000000 session...
 Session was saved with: viewport 0, 0
PyMOL>cmd.center("0",animate=-1)
PyMOL>cmd.center("3",animate=-1)
PyMOL>cmd.center("1",animate=-1)
PyMOL>cmd.center("4",animate=-1)
Invalid license file syntax.
Feature:       PYMOL_MAIN
License path:  /cri4/iain/.pymol/license.lic:
FlexNet Licensing error:-2,413
 PyMOL(TM) 3.0.4 - Incentive Product
 Copyright (C) Schrodinger, LLC
 
 This Executable Build integrates and extends Open-Source PyMOL.
Invalid license file syntax.
Feature:       PYMOL_MAIN
License path:  /cri4/iain/.pymol/license.lic:
FlexNet Licensing error:-2,413
 Detected OpenGL version 4.6. Shaders available.
 Detected GLSL version 4.60.
 OpenGL graphics engine:
  GL_VENDOR:   NVIDIA Corporation
  GL_RENDERER: NVIDIA GeForce GTX 1080/PCIe/SSE2
  GL_VERSION:  4.6.0 NVIDIA 535.216.01
 Detected 36 CPU cores.  Enabled multithreaded rendering.
 Executive: Loading version 3.000000 session...
 Session was saved with: viewport 0, 0
Invalid license file syntax.
Feature:       PYMOL_MAIN
License path:  /cri4/iain/.pymol/license.lic:
FlexNet Licensing error:-2,413
 PyMOL(TM) 3.0.4 - Incentive Product
 Copyright (C) Schrodinger, LLC
 
 This Executable Build integrates and extends Open-Source PyMOL.
Invalid license file syntax.
Feature:       PYMOL_MAIN
License path:  /cri4/iain/.pymol/license.lic:
FlexNet Licensing error:-2,413
 Detected OpenGL version 4.6. Shaders available.
 Detected GLSL version 4.60.
 OpenGL graphics engine:
  GL_VENDOR:   NVIDIA Corporation
  GL_RENDERER: NVIDIA GeForce GTX 1080/PCIe/SSE2
  GL_VERSION:  4.6.0 NVIDIA 535.216.01
 Detected 36 CPU cores.  Enabled multithreaded rendering.
 Executive: Loading version 3.000000 session...
 Session was saved with: viewport 0, 0
Invalid license file syntax.
Feature:       PYMOL_MAIN
License path:  /cri4/iain/.pymol/license.lic:
FlexNet Licensing error:-2,413
 PyMOL(TM) 3.0.4 - Incentive Product
 Copyright (C) Schrodinger, LLC
 
 This Executable Build integrates and extends Open-Source PyMOL.
Invalid license file syntax.
Feature:       PYMOL_MAIN
License path:  /cri4/iain/.pymol/license.lic:
FlexNet Licensing error:-2,413
 Detected OpenGL version 4.6. Shaders available.
 Detected GLSL version 4.60.
 OpenGL graphics engine:
  GL_VENDOR:   NVIDIA Corporation
  GL_RENDERER: NVIDIA GeForce GTX 1080/PCIe/SSE2
  GL_VERSION:  4.6.0 NVIDIA 535.216.01
 Detected 36 CPU cores.  Enabled multithreaded rendering.
 Executive: Loading version 3.000000 session...
 Session was saved with: viewport 0, 0
PyMOL>cmd.center("-1",animate=-1)
PyMOL>cmd.center("0",animate=-1)
 You clicked /2V7C_Bb_4_010//B/PRO`553/CA
 Selector: selection "sele" defined with 1 atoms.
PyMOL>cmd.center("0",animate=-1)
PyMOL>cmd.center("1",animate=-1)
Invalid license file syntax.
Feature:       PYMOL_MAIN
License path:  /cri4/iain/.pymol/license.lic:
FlexNet Licensing error:-2,413
 PyMOL(TM) 3.0.4 - Incentive Product
 Copyright (C) Schrodinger, LLC
 
 This Executable Build integrates and extends Open-Source PyMOL.
Invalid license file syntax.
Feature:       PYMOL_MAIN
License path:  /cri4/iain/.pymol/license.lic:
FlexNet Licensing error:-2,413
 Detected OpenGL version 4.6. Shaders available.
 Detected GLSL version 4.60.
 OpenGL graphics engine:
  GL_VENDOR:   NVIDIA Corporation
  GL_RENDERER: NVIDIA GeForce GTX 1080/PCIe/SSE2
  GL_VERSION:  4.6.0 NVIDIA 535.216.01
 Detected 36 CPU cores.  Enabled multithreaded rendering.
 Executive: Loading version 3.000000 session...
 Session was saved with: viewport 0, 0
 You clicked /1XB7_Aa_7_000//a/ILE`581/CA
 Selector: selection "sele" defined with 1 atoms.
PyMOL>cmd.label("-1","''")
PyMOL>cmd.center("8",animate=-1)
PyMOL>cmd.center("2",animate=-1)
Invalid license file syntax.
Feature:       PYMOL_MAIN
License path:  /cri4/iain/.pymol/license.lic:
FlexNet Licensing error:-2,413
 PyMOL(TM) 3.0.4 - Incentive Product
 Copyright (C) Schrodinger, LLC
 
 This Executable Build integrates and extends Open-Source PyMOL.
Invalid license file syntax.
Feature:       PYMOL_MAIN
License path:  /cri4/iain/.pymol/license.lic:
FlexNet Licensing error:-2,413
 Detected OpenGL version 4.6. Shaders available.
 Detected GLSL version 4.60.
 OpenGL graphics engine:
  GL_VENDOR:   NVIDIA Corporation
  GL_RENDERER: NVIDIA GeForce GTX 1080/PCIe/SSE2
  GL_VERSION:  4.6.0 NVIDIA 535.216.01
 Detected 36 CPU cores.  Enabled multithreaded rendering.
 Executive: Loading version 3.000000 session...
 Session was saved with: viewport 0, 0
Invalid license file syntax.
Feature:       PYMOL_MAIN
License path:  /cri4/iain/.pymol/license.lic:
FlexNet Licensing error:-2,413
 PyMOL(TM) 3.0.4 - Incentive Product
 Copyright (C) Schrodinger, LLC
 
 This Executable Build integrates and extends Open-Source PyMOL.
Invalid license file syntax.
Feature:       PYMOL_MAIN
License path:  /cri4/iain/.pymol/license.lic:
FlexNet Licensing error:-2,413
 Detected OpenGL version 4.6. Shaders available.
 Detected GLSL version 4.60.
 OpenGL graphics engine:
  GL_VENDOR:   NVIDIA Corporation
  GL_RENDERER: NVIDIA GeForce GTX 1080/PCIe/SSE2
  GL_VERSION:  4.6.0 NVIDIA 535.216.01
 Detected 36 CPU cores.  Enabled multithreaded rendering.
 Executive: Loading version 3.000000 session...
 Session was saved with: viewport 0, 0
PyMOL>cmd.center("0",animate=-1)
PyMOL>cmd.center("1",animate=-1)
Invalid license file syntax.
Feature:       PYMOL_MAIN
License path:  /cri4/iain/.pymol/license.lic:
FlexNet Licensing error:-2,413
 PyMOL(TM) 3.0.4 - Incentive Product
 Copyright (C) Schrodinger, LLC
 
 This Executable Build integrates and extends Open-Source PyMOL.
Invalid license file syntax.
Feature:       PYMOL_MAIN
License path:  /cri4/iain/.pymol/license.lic:
FlexNet Licensing error:-2,413
 Detected OpenGL version 4.6. Shaders available.
 Detected GLSL version 4.60.
 OpenGL graphics engine:
  GL_VENDOR:   NVIDIA Corporation
  GL_RENDERER: NVIDIA GeForce GTX 1080/PCIe/SSE2
  GL_VERSION:  4.6.0 NVIDIA 535.216.01
 Detected 36 CPU cores.  Enabled multithreaded rendering.
 Executive: Loading version 3.000000 session...
 Session was saved with: viewport 0, 0
PyMOL>cmd.center("0",animate=-1)
Invalid license file syntax.
Feature:       PYMOL_MAIN
License path:  /cri4/iain/.pymol/license.lic:
FlexNet Licensing error:-2,413
 PyMOL(TM) 3.0.4 - Incentive Product
 Copyright (C) Schrodinger, LLC
 
 This Executable Build integrates and extends Open-Source PyMOL.
Invalid license file syntax.
Feature:       PYMOL_MAIN
License path:  /cri4/iain/.pymol/license.lic:
FlexNet Licensing error:-2,413
 Detected OpenGL version 4.6. Shaders available.
 Detected GLSL version 4.60.
 OpenGL graphics engine:
  GL_VENDOR:   NVIDIA Corporation
  GL_RENDERER: NVIDIA GeForce GTX 1080/PCIe/SSE2
  GL_VERSION:  4.6.0 NVIDIA 535.216.01
 Detected 36 CPU cores.  Enabled multithreaded rendering.
 Executive: Loading version 3.000000 session...
 Session was saved with: viewport 0, 0
Invalid license file syntax.
Feature:       PYMOL_MAIN
License path:  /cri4/iain/.pymol/license.lic:
FlexNet Licensing error:-2,413
 PyMOL(TM) 3.0.4 - Incentive Product
 Copyright (C) Schrodinger, LLC
 
 This Executable Build integrates and extends Open-Source PyMOL.
Invalid license file syntax.
Feature:       PYMOL_MAIN
License path:  /cri4/iain/.pymol/license.lic:
FlexNet Licensing error:-2,413
 Detected OpenGL version 4.6. Shaders available.
 Detected GLSL version 4.60.
 OpenGL graphics engine:
  GL_VENDOR:   NVIDIA Corporation
  GL_RENDERER: NVIDIA GeForce GTX 1080/PCIe/SSE2
  GL_VERSION:  4.6.0 NVIDIA 535.216.01
 Detected 36 CPU cores.  Enabled multithreaded rendering.
 Executive: Loading version 3.000000 session...
 Session was saved with: viewport 0, 0
Invalid license file syntax.
Feature:       PYMOL_MAIN
License path:  /cri4/iain/.pymol/license.lic:
FlexNet Licensing error:-2,413
 PyMOL(TM) 3.0.4 - Incentive Product
 Copyright (C) Schrodinger, LLC
 
 This Executable Build integrates and extends Open-Source PyMOL.
Invalid license file syntax.
Feature:       PYMOL_MAIN
License path:  /cri4/iain/.pymol/license.lic:
FlexNet Licensing error:-2,413
 Detected OpenGL version 4.6. Shaders available.
 Detected GLSL version 4.60.
 OpenGL graphics engine:
  GL_VENDOR:   NVIDIA Corporation
  GL_RENDERER: NVIDIA GeForce GTX 1080/PCIe/SSE2
  GL_VERSION:  4.6.0 NVIDIA 535.216.01
 Detected 36 CPU cores.  Enabled multithreaded rendering.
 Executive: Loading version 3.000000 session...
 Session was saved with: viewport 0, 0
PyMOL>cmd.center("0.0",animate=-1)
PyMOL>cmd.orient("0.0",animate=-1)
PyMOL>cmd.orient("1.0",animate=-1)
PyMOL>cmd.orient("2.0",animate=-1)
PyMOL>cmd.orient("3.0",animate=-1)
PyMOL>cmd.orient("4.0",animate=-1)
PyMOL>cmd.orient("5.0",animate=-1)
PyMOL>cmd.orient("6.0",animate=-1)
PyMOL>cmd.orient("7.0",animate=-1)
 Save: Please wait -- writing session file...
 Save: wrote "/cri4/iain/projectB/20_Clusters_ratio_BW_002_TSHOLD_0001.pse".
PyMOL>cmd.orient("8.0",animate=-1)
PyMOL>cmd.orient("9.0",animate=-1)
PyMOL>cmd.orient("9.0",animate=-1)
PyMOL>cmd.orient("10.0",animate=-1)
PyMOL>cmd.orient("11.0",animate=-1)
PyMOL>cmd.orient("12.0",animate=-1)
PyMOL>cmd.orient("16.0",animate=-1)
 You clicked /1H9U_Ab_4_0-13//A/VAL`462/CA
 Selector: selection "sele" defined with 1 atoms.
PyMOL>cmd.center("12.0",animate=-1)
PyMOL>util.color_chains("(2V0V_Ad_6_-10-1)",_self=cmd)
